[debug] [2025-04-20T22:15:06.619Z] ----------------------------------------------------------------------
[debug] [2025-04-20T22:15:06.622Z] Command:       C:\Program Files\nodejs\node.exe C:\Users\User\AppData\Roaming\npm\node_modules\firebase-tools\lib\bin\firebase.js init
[debug] [2025-04-20T22:15:06.622Z] CLI Version:   14.2.0
[debug] [2025-04-20T22:15:06.623Z] Platform:      win32
[debug] [2025-04-20T22:15:06.623Z] Node Version:  v23.8.0
[debug] [2025-04-20T22:15:06.623Z] Time:          Sun Apr 20 2025 18:15:06 GMT-0400 (Bolivia Time)
[debug] [2025-04-20T22:15:06.623Z] ----------------------------------------------------------------------
[debug] 
[debug] [2025-04-20T22:15:06.891Z] > command requires scopes: ["email","openid","https://www.googleapis.com/auth/cloudplatformprojects.readonly","https://www.googleapis.com/auth/firebase","https://www.googleapis.com/auth/cloud-platform"]
[debug] [2025-04-20T22:15:06.892Z] > authorizing via signed-in user (bmobileplum2015@gmail.com)
[info] 
     ######## #### ########  ######## ########     ###     ######  ########
     ##        ##  ##     ## ##       ##     ##  ##   ##  ##       ##
     ######    ##  ########  ######   ########  #########  ######  ######
     ##        ##  ##    ##  ##       ##     ## ##     ##       ## ##
     ##       #### ##     ## ######## ########  ##     ##  ######  ########

You're about to initialize a Firebase project in this directory:

  C:\Users\User

Before we get started, keep in mind:

  * You are initializing within an existing Firebase project directory

